<?xml version="1.0" encoding="UTF-8"?>
<testsuite xmlns:xsi="http://www.w3.org/2001/XMLSchema-instance" xsi:noNamespaceSchemaLocation="https://maven.apache.org/surefire/maven-surefire-plugin/xsd/surefire-test-report-3.0.xsd" version="3.0" name="com.wm3j.jmap.dx.DxSpotTest" time="0.458" tests="39" errors="0" skipped="0" failures="0">
  <properties>
[...]
</properties>
  <testcase name="frequencyToBand_correctMapping(double, String)[1]" classname="com.wm3j.jmap.dx.DxSpotTest" time="0.058"/>
  <testcase name="frequencyToBand_correctMapping(double, String)[2]" classname="com.wm3j.jmap.dx.DxSpotTest" time="0.002"/>
  <testcase name="frequencyToBand_correctMapping(double, String)[3]" classname="com.wm3j.jmap.dx.DxSpotTest" time="0.002"/>
  <testcase name="frequencyToBand_correctMapping(double, String)[4]" classname="com.wm3j.jmap.dx.DxSpotTest" time="0.002"/>
  <testcase name="frequencyToBand_correctMapping(double, String)[5]" classname="com.wm3j.jmap.dx.DxSpotTest" time="0.002"/>
  <testcase name="frequencyToBand_correctMapping(double, String)[6]" classname="com.wm3j.jmap.dx.DxSpotTest" time="0.002"/>
  <testcase name="frequencyToBand_correctMapping(double, String)[7]" classname="com.wm3j.jmap.dx.DxSpotTest" time="0.001"/>
  <testcase name="frequencyToBand_correctMapping(double, String)[8]" classname="com.wm3j.jmap.dx.DxSpotTest" time="0.002"/>
  <testcase name="frequencyToBand_correctMapping(double, String)[9]" classname="com.wm3j.jmap.dx.DxSpotTest" time="0.002"/>
  <testcase name="frequencyToBand_correctMapping(double, String)[10]" classname="com.wm3j.jmap.dx.DxSpotTest" time="0.001"/>
  <testcase name="frequencyToBand_correctMapping(double, String)[11]" classname="com.wm3j.jmap.dx.DxSpotTest" time="0.001"/>
  <testcase name="frequencyToBand_correctMapping(double, String)[12]" classname="com.wm3j.jmap.dx.DxSpotTest" time="0.001"/>
  <testcase name="frequencyToBand_correctMapping(double, String)[13]" classname="com.wm3j.jmap.dx.DxSpotTest" time="0.001"/>
  <testcase name="frequencyToBand_correctMapping(double, String)[14]" classname="com.wm3j.jmap.dx.DxSpotTest" time="0.001"/>
  <testcase name="frequencyToBand_correctMapping(double, String)[15]" classname="com.wm3j.jmap.dx.DxSpotTest" time="0.002"/>
  <testcase name="frequencyToBand_correctMapping(double, String)[16]" classname="com.wm3j.jmap.dx.DxSpotTest" time="0.001"/>
  <testcase name="frequencyToBand_correctMapping(double, String)[17]" classname="com.wm3j.jmap.dx.DxSpotTest" time="0.002"/>
  <testcase name="frequencyToBand_correctMapping(double, String)[18]" classname="com.wm3j.jmap.dx.DxSpotTest" time="0.001"/>
  <testcase name="frequencyToBand_correctMapping(double, String)[19]" classname="com.wm3j.jmap.dx.DxSpotTest" time="0.001"/>
  <testcase name="mockProvider_getCached_afterFetch_isNotNull" classname="com.wm3j.jmap.dx.DxSpotTest" time="0.232">
    <system-out><![CDATA[07:51:23.512 [main] DEBUG c.w.j.service.dx.MockDxSpotProvider - Fetched MockDxSpotProvider data at 2026-04-20T11:51:23.511258960Z
]]></system-out>
  </testcase>
  <testcase name="mockProvider_spots_haveValidBands" classname="com.wm3j.jmap.dx.DxSpotTest" time="0.002">
    <system-out><![CDATA[07:51:23.517 [main] DEBUG c.w.j.service.dx.MockDxSpotProvider - Fetched MockDxSpotProvider data at 2026-04-20T11:51:23.517092004Z
]]></system-out>
  </testcase>
  <testcase name="dxSpot_ageMinutes_oldSpotIsCorrect" classname="com.wm3j.jmap.dx.DxSpotTest" time="0.003"/>
  <testcase name="mockProvider_spots_haveValidCallsigns" classname="com.wm3j.jmap.dx.DxSpotTest" time="0.001">
    <system-out><![CDATA[07:51:23.523 [main] DEBUG c.w.j.service.dx.MockDxSpotProvider - Fetched MockDxSpotProvider data at 2026-04-20T11:51:23.523968011Z
]]></system-out>
  </testcase>
  <testcase name="mockProvider_spots_haveValidFrequencies" classname="com.wm3j.jmap.dx.DxSpotTest" time="0.002">
    <system-out><![CDATA[07:51:23.526 [main] DEBUG c.w.j.service.dx.MockDxSpotProvider - Fetched MockDxSpotProvider data at 2026-04-20T11:51:23.526137561Z
]]></system-out>
  </testcase>
  <testcase name="getBandColor_unknownBand_returnsWhite" classname="com.wm3j.jmap.dx.DxSpotTest" time="0.001"/>
  <testcase name="mockProvider_spots_haveTimestamps" classname="com.wm3j.jmap.dx.DxSpotTest" time="0.001">
    <system-out><![CDATA[07:51:23.530 [main] DEBUG c.w.j.service.dx.MockDxSpotProvider - Fetched MockDxSpotProvider data at 2026-04-20T11:51:23.530166515Z
]]></system-out>
  </testcase>
  <testcase name="dxSpot_ageMinutes_freshSpotIsZero" classname="com.wm3j.jmap.dx.DxSpotTest" time="0.001"/>
  <testcase name="mockProvider_fetch_returnsNonEmptyList" classname="com.wm3j.jmap.dx.DxSpotTest" time="0.001">
    <system-out><![CDATA[07:51:23.533 [main] DEBUG c.w.j.service.dx.MockDxSpotProvider - Fetched MockDxSpotProvider data at 2026-04-20T11:51:23.532996341Z
]]></system-out>
  </testcase>
  <testcase name="dxSpot_setFrequency_updatesBand" classname="com.wm3j.jmap.dx.DxSpotTest" time="0.001"/>
  <testcase name="getBandColor_returnsCorrectColor(String, String)[1]" classname="com.wm3j.jmap.dx.DxSpotTest" time="0.002"/>
  <testcase name="getBandColor_returnsCorrectColor(String, String)[2]" classname="com.wm3j.jmap.dx.DxSpotTest" time="0.001"/>
  <testcase name="getBandColor_returnsCorrectColor(String, String)[3]" classname="com.wm3j.jmap.dx.DxSpotTest" time="0.0"/>
  <testcase name="getBandColor_returnsCorrectColor(String, String)[4]" classname="com.wm3j.jmap.dx.DxSpotTest" time="0.001"/>
  <testcase name="getBandColor_returnsCorrectColor(String, String)[5]" classname="com.wm3j.jmap.dx.DxSpotTest" time="0.001"/>
  <testcase name="getBandColor_returnsCorrectColor(String, String)[6]" classname="com.wm3j.jmap.dx.DxSpotTest" time="0.001"/>
  <testcase name="mockProvider_returnsReasonableCount" classname="com.wm3j.jmap.dx.DxSpotTest" time="0.001">
    <system-out><![CDATA[07:51:23.548 [main] DEBUG c.w.j.service.dx.MockDxSpotProvider - Fetched MockDxSpotProvider data at 2026-04-20T11:51:23.548599362Z
]]></system-out>
  </testcase>
  <testcase name="dxSpot_constructor_setsBandAutomatically" classname="com.wm3j.jmap.dx.DxSpotTest" time="0.001"/>
  <testcase name="dxSpot_toString_containsCallsign" classname="com.wm3j.jmap.dx.DxSpotTest" time="0.001"/>
  <testcase name="dxSpot_bandColorIsValidHex" classname="com.wm3j.jmap.dx.DxSpotTest" time="0.002">
    <system-out><![CDATA[07:51:23.553 [main] DEBUG c.w.j.service.dx.MockDxSpotProvider - Fetched MockDxSpotProvider data at 2026-04-20T11:51:23.553380559Z
]]></system-out>
  </testcase>
</testsuite>