<?xml version="1.0" encoding="UTF-8"?>
<testsuite xmlns:xsi="http://www.w3.org/2001/XMLSchema-instance" xsi:noNamespaceSchemaLocation="https://maven.apache.org/surefire/maven-surefire-plugin/xsd/surefire-test-report-3.0.xsd" version="3.0" name="com.wm3j.jmap.astronomy.SolarDataTest" time="0.206" tests="44" errors="0" skipped="0" failures="0">
  <properties>
[...]
</properties>
  <testcase name="sfiQuality_allRanges_nonNull" classname="com.wm3j.jmap.astronomy.SolarDataTest" time="0.003"/>
  <testcase name="solarData_constructorWithArgs_setsAllFields" classname="com.wm3j.jmap.astronomy.SolarDataTest" time="0.002"/>
  <testcase name="mockProvider_xrayClass_isNotBlank" classname="com.wm3j.jmap.astronomy.SolarDataTest" time="0.002">
    <system-out><![CDATA[20:05:07.514 [main] DEBUG c.w.j.s.solar.MockSolarDataProvider - Fetched MockSolarDataProvider data at 2026-04-20T00:05:07.514631421Z
]]></system-out>
  </testcase>
  <testcase name="mockProvider_xrayClass_startsWithValidLetter" classname="com.wm3j.jmap.astronomy.SolarDataTest" time="0.003">
    <system-out><![CDATA[20:05:07.518 [main] DEBUG c.w.j.s.solar.MockSolarDataProvider - Fetched MockSolarDataProvider data at 2026-04-20T00:05:07.518266935Z
]]></system-out>
  </testcase>
  <testcase name="getKpLabel_correctClassification(double, String)[1]" classname="com.wm3j.jmap.astronomy.SolarDataTest" time="0.003"/>
  <testcase name="getKpLabel_correctClassification(double, String)[2]" classname="com.wm3j.jmap.astronomy.SolarDataTest" time="0.002"/>
  <testcase name="getKpLabel_correctClassification(double, String)[3]" classname="com.wm3j.jmap.astronomy.SolarDataTest" time="0.002"/>
  <testcase name="getKpLabel_correctClassification(double, String)[4]" classname="com.wm3j.jmap.astronomy.SolarDataTest" time="0.002"/>
  <testcase name="getKpLabel_correctClassification(double, String)[5]" classname="com.wm3j.jmap.astronomy.SolarDataTest" time="0.002"/>
  <testcase name="getKpLabel_correctClassification(double, String)[6]" classname="com.wm3j.jmap.astronomy.SolarDataTest" time="0.002"/>
  <testcase name="getKpLabel_correctClassification(double, String)[7]" classname="com.wm3j.jmap.astronomy.SolarDataTest" time="0.003"/>
  <testcase name="getKpLabel_correctClassification(double, String)[8]" classname="com.wm3j.jmap.astronomy.SolarDataTest" time="0.003"/>
  <testcase name="getKpLabel_correctClassification(double, String)[9]" classname="com.wm3j.jmap.astronomy.SolarDataTest" time="0.002"/>
  <testcase name="getKpLabel_correctClassification(double, String)[10]" classname="com.wm3j.jmap.astronomy.SolarDataTest" time="0.002"/>
  <testcase name="getKpLabel_correctClassification(double, String)[11]" classname="com.wm3j.jmap.astronomy.SolarDataTest" time="0.002"/>
  <testcase name="getKpLabel_correctClassification(double, String)[12]" classname="com.wm3j.jmap.astronomy.SolarDataTest" time="0.002"/>
  <testcase name="getKpLabel_correctClassification(double, String)[13]" classname="com.wm3j.jmap.astronomy.SolarDataTest" time="0.002"/>
  <testcase name="solarData_toString_containsKeyValues" classname="com.wm3j.jmap.astronomy.SolarDataTest" time="0.002"/>
  <testcase name="mockProvider_getCached_beforeFetch_isNull" classname="com.wm3j.jmap.astronomy.SolarDataTest" time="0.001"/>
  <testcase name="mockProvider_isStale_withZeroDuration" classname="com.wm3j.jmap.astronomy.SolarDataTest" time="0.002">
    <system-out><![CDATA[20:05:07.582 [main] DEBUG c.w.j.s.solar.MockSolarDataProvider - Fetched MockSolarDataProvider data at 2026-04-20T00:05:07.582737854Z
]]></system-out>
  </testcase>
  <testcase name="mockProvider_lastUpdated_setAfterFetch" classname="com.wm3j.jmap.astronomy.SolarDataTest" time="0.002">
    <system-out><![CDATA[20:05:07.585 [main] DEBUG c.w.j.s.solar.MockSolarDataProvider - Fetched MockSolarDataProvider data at 2026-04-20T00:05:07.585756601Z
]]></system-out>
  </testcase>
  <testcase name="mockProvider_aIndex_isNonNegative" classname="com.wm3j.jmap.astronomy.SolarDataTest" time="0.002">
    <system-out><![CDATA[20:05:07.588 [main] DEBUG c.w.j.s.solar.MockSolarDataProvider - Fetched MockSolarDataProvider data at 2026-04-20T00:05:07.588493783Z
]]></system-out>
  </testcase>
  <testcase name="mockProvider_lastUpdated_nullBeforeFetch" classname="com.wm3j.jmap.astronomy.SolarDataTest" time="0.002"/>
  <testcase name="mockProvider_getCached_afterFetch_matchesFetch" classname="com.wm3j.jmap.astronomy.SolarDataTest" time="0.004">
    <system-out><![CDATA[20:05:07.597 [main] DEBUG c.w.j.s.solar.MockSolarDataProvider - Fetched MockSolarDataProvider data at 2026-04-20T00:05:07.597523930Z
]]></system-out>
  </testcase>
  <testcase name="mockProvider_kp_inValidRange" classname="com.wm3j.jmap.astronomy.SolarDataTest" time="0.002">
    <system-out><![CDATA[20:05:07.601 [main] DEBUG c.w.j.s.solar.MockSolarDataProvider - Fetched MockSolarDataProvider data at 2026-04-20T00:05:07.601651542Z
]]></system-out>
  </testcase>
  <testcase name="mockProvider_fetch_returnsNonNull" classname="com.wm3j.jmap.astronomy.SolarDataTest" time="0.003">
    <system-out><![CDATA[20:05:07.605 [main] DEBUG c.w.j.s.solar.MockSolarDataProvider - Fetched MockSolarDataProvider data at 2026-04-20T00:05:07.605288636Z
]]></system-out>
  </testcase>
  <testcase name="solarData_fourArgConstructor_isFreshByDefault" classname="com.wm3j.jmap.astronomy.SolarDataTest" time="0.001"/>
  <testcase name="solarData_fourArgConstructor_hasObservationTime" classname="com.wm3j.jmap.astronomy.SolarDataTest" time="0.001"/>
  <testcase name="getSfiQuality_correctClassification(double, String)[1]" classname="com.wm3j.jmap.astronomy.SolarDataTest" time="0.003"/>
  <testcase name="getSfiQuality_correctClassification(double, String)[2]" classname="com.wm3j.jmap.astronomy.SolarDataTest" time="0.003"/>
  <testcase name="getSfiQuality_correctClassification(double, String)[3]" classname="com.wm3j.jmap.astronomy.SolarDataTest" time="0.002"/>
  <testcase name="getSfiQuality_correctClassification(double, String)[4]" classname="com.wm3j.jmap.astronomy.SolarDataTest" time="0.002"/>
  <testcase name="getSfiQuality_correctClassification(double, String)[5]" classname="com.wm3j.jmap.astronomy.SolarDataTest" time="0.001"/>
  <testcase name="getSfiQuality_correctClassification(double, String)[6]" classname="com.wm3j.jmap.astronomy.SolarDataTest" time="0.002"/>
  <testcase name="getSfiQuality_correctClassification(double, String)[7]" classname="com.wm3j.jmap.astronomy.SolarDataTest" time="0.001"/>
  <testcase name="getSfiQuality_correctClassification(double, String)[8]" classname="com.wm3j.jmap.astronomy.SolarDataTest" time="0.002"/>
  <testcase name="getSfiQuality_correctClassification(double, String)[9]" classname="com.wm3j.jmap.astronomy.SolarDataTest" time="0.002"/>
  <testcase name="getSfiQuality_correctClassification(double, String)[10]" classname="com.wm3j.jmap.astronomy.SolarDataTest" time="0.013"/>
  <testcase name="getSfiQuality_correctClassification(double, String)[11]" classname="com.wm3j.jmap.astronomy.SolarDataTest" time="0.014"/>
  <testcase name="getSfiQuality_correctClassification(double, String)[12]" classname="com.wm3j.jmap.astronomy.SolarDataTest" time="0.011"/>
  <testcase name="mockProvider_sunspotNumber_isNonNegative" classname="com.wm3j.jmap.astronomy.SolarDataTest" time="0.006">
    <system-out><![CDATA[20:05:07.699 [main] DEBUG c.w.j.s.solar.MockSolarDataProvider - Fetched MockSolarDataProvider data at 2026-04-20T00:05:07.699085176Z
]]></system-out>
  </testcase>
  <testcase name="mockProvider_isStale_afterFetch_withShortTimeout" classname="com.wm3j.jmap.astronomy.SolarDataTest" time="0.002">
    <system-out><![CDATA[20:05:07.702 [main] DEBUG c.w.j.s.solar.MockSolarDataProvider - Fetched MockSolarDataProvider data at 2026-04-20T00:05:07.702397766Z
]]></system-out>
  </testcase>
  <testcase name="kpLabel_allEnumValues_nonNull" classname="com.wm3j.jmap.astronomy.SolarDataTest" time="0.002"/>
  <testcase name="mockProvider_sfi_inRealisticRange" classname="com.wm3j.jmap.astronomy.SolarDataTest" time="0.003">
    <system-out><![CDATA[20:05:07.708 [main] DEBUG c.w.j.s.solar.MockSolarDataProvider - Fetched MockSolarDataProvider data at 2026-04-20T00:05:07.708889876Z
]]></system-out>
  </testcase>
</testsuite>