<?xml version="1.0" encoding="UTF-8"?>
<testsuite xmlns:xsi="http://www.w3.org/2001/XMLSchema-instance" xsi:noNamespaceSchemaLocation="https://maven.apache.org/surefire/maven-surefire-plugin/xsd/surefire-test-report-3.0.xsd" version="3.0" name="com.wm3j.jmap.rotor.RotorDataTest" time="0.306" tests="36" errors="0" skipped="0" failures="0">
  <properties>
[...]
</properties>
  <testcase name="azimuth_normalization_over360_wraps" classname="com.wm3j.jmap.rotor.RotorDataTest" time="0.009"/>
  <testcase name="rotorData_shortPlusLong_is360(double)[1]" classname="com.wm3j.jmap.rotor.RotorDataTest" time="0.019"/>
  <testcase name="rotorData_shortPlusLong_is360(double)[2]" classname="com.wm3j.jmap.rotor.RotorDataTest" time="0.01"/>
  <testcase name="rotorData_shortPlusLong_is360(double)[3]" classname="com.wm3j.jmap.rotor.RotorDataTest" time="0.002"/>
  <testcase name="rotorData_shortPlusLong_is360(double)[4]" classname="com.wm3j.jmap.rotor.RotorDataTest" time="0.007"/>
  <testcase name="rotorData_shortPlusLong_is360(double)[5]" classname="com.wm3j.jmap.rotor.RotorDataTest" time="0.007"/>
  <testcase name="rotorData_shortPlusLong_is360(double)[6]" classname="com.wm3j.jmap.rotor.RotorDataTest" time="0.004"/>
  <testcase name="rotorData_shortPlusLong_is360(double)[7]" classname="com.wm3j.jmap.rotor.RotorDataTest" time="0.002"/>
  <testcase name="rotorData_shortPlusLong_is360(double)[8]" classname="com.wm3j.jmap.rotor.RotorDataTest" time="0.002"/>
  <testcase name="rotorData_shortPlusLong_is360(double)[9]" classname="com.wm3j.jmap.rotor.RotorDataTest" time="0.005"/>
  <testcase name="mockProvider_azimuth_changesOverTime" classname="com.wm3j.jmap.rotor.RotorDataTest" time="0.005">
    <system-out><![CDATA[17:44:48.873 [main] DEBUG c.w.j.s.rotor.MockRotorProvider - Fetched MockRotorProvider data at 2026-04-19T21:44:48.873282186Z
17:44:48.874 [main] DEBUG c.w.j.s.rotor.MockRotorProvider - Fetched MockRotorProvider data at 2026-04-19T21:44:48.874436713Z
]]></system-out>
  </testcase>
  <testcase name="rotorData_longPath_wrapsAt360" classname="com.wm3j.jmap.rotor.RotorDataTest" time="0.002"/>
  <testcase name="rotorData_constructor_setsTimestamp" classname="com.wm3j.jmap.rotor.RotorDataTest" time="0.002"/>
  <testcase name="toString_containsAzimuth" classname="com.wm3j.jmap.rotor.RotorDataTest" time="0.007"/>
  <testcase name="mockProvider_isConnected_returnsFalse" classname="com.wm3j.jmap.rotor.RotorDataTest" time="0.004">
    <system-out><![CDATA[17:44:48.902 [main] DEBUG c.w.j.s.rotor.MockRotorProvider - Fetched MockRotorProvider data at 2026-04-19T21:44:48.902122894Z
]]></system-out>
  </testcase>
  <testcase name="mockProvider_azimuth_inValidRange" classname="com.wm3j.jmap.rotor.RotorDataTest" time="0.007">
    <system-out><![CDATA[17:44:48.910 [main] DEBUG c.w.j.s.rotor.MockRotorProvider - Fetched MockRotorProvider data at 2026-04-19T21:44:48.910225654Z
17:44:48.911 [main] DEBUG c.w.j.s.rotor.MockRotorProvider - Fetched MockRotorProvider data at 2026-04-19T21:44:48.911247022Z
17:44:48.911 [main] DEBUG c.w.j.s.rotor.MockRotorProvider - Fetched MockRotorProvider data at 2026-04-19T21:44:48.911835859Z
17:44:48.912 [main] DEBUG c.w.j.s.rotor.MockRotorProvider - Fetched MockRotorProvider data at 2026-04-19T21:44:48.912117681Z
17:44:48.912 [main] DEBUG c.w.j.s.rotor.MockRotorProvider - Fetched MockRotorProvider data at 2026-04-19T21:44:48.912504065Z
17:44:48.912 [main] DEBUG c.w.j.s.rotor.MockRotorProvider - Fetched MockRotorProvider data at 2026-04-19T21:44:48.912803678Z
17:44:48.913 [main] DEBUG c.w.j.s.rotor.MockRotorProvider - Fetched MockRotorProvider data at 2026-04-19T21:44:48.913045374Z
17:44:48.913 [main] DEBUG c.w.j.s.rotor.MockRotorProvider - Fetched MockRotorProvider data at 2026-04-19T21:44:48.913474095Z
17:44:48.913 [main] DEBUG c.w.j.s.rotor.MockRotorProvider - Fetched MockRotorProvider data at 2026-04-19T21:44:48.913735733Z
17:44:48.913 [main] DEBUG c.w.j.s.rotor.MockRotorProvider - Fetched MockRotorProvider data at 2026-04-19T21:44:48.913981459Z
]]></system-out>
  </testcase>
  <testcase name="rotorData_defaultConstructor_isNotConnected" classname="com.wm3j.jmap.rotor.RotorDataTest" time="0.005"/>
  <testcase name="mockProvider_getCached_returnsDataAfterFetch" classname="com.wm3j.jmap.rotor.RotorDataTest" time="0.003">
    <system-out><![CDATA[17:44:48.924 [main] DEBUG c.w.j.s.rotor.MockRotorProvider - Fetched MockRotorProvider data at 2026-04-19T21:44:48.924337404Z
]]></system-out>
  </testcase>
  <testcase name="mockProvider_fetch_returnsData" classname="com.wm3j.jmap.rotor.RotorDataTest" time="0.003">
    <system-out><![CDATA[17:44:48.929 [main] DEBUG c.w.j.s.rotor.MockRotorProvider - Fetched MockRotorProvider data at 2026-04-19T21:44:48.929360178Z
]]></system-out>
  </testcase>
  <testcase name="rotorData_longPath_northFacingIsNorth" classname="com.wm3j.jmap.rotor.RotorDataTest" time="0.002"/>
  <testcase name="azimuth_normalization_negative_wraps" classname="com.wm3j.jmap.rotor.RotorDataTest" time="0.002"/>
  <testcase name="rotorData_twoArgConstructor_hasElevation" classname="com.wm3j.jmap.rotor.RotorDataTest" time="0.002"/>
  <testcase name="rotorData_longPath_alwaysInValidRange(double)[1]" classname="com.wm3j.jmap.rotor.RotorDataTest" time="0.003"/>
  <testcase name="rotorData_longPath_alwaysInValidRange(double)[2]" classname="com.wm3j.jmap.rotor.RotorDataTest" time="0.002"/>
  <testcase name="rotorData_longPath_alwaysInValidRange(double)[3]" classname="com.wm3j.jmap.rotor.RotorDataTest" time="0.002"/>
  <testcase name="rotorData_longPath_alwaysInValidRange(double)[4]" classname="com.wm3j.jmap.rotor.RotorDataTest" time="0.011"/>
  <testcase name="rotorData_longPath_alwaysInValidRange(double)[5]" classname="com.wm3j.jmap.rotor.RotorDataTest" time="0.007"/>
  <testcase name="rotorData_longPath_alwaysInValidRange(double)[6]" classname="com.wm3j.jmap.rotor.RotorDataTest" time="0.013"/>
  <testcase name="rotorData_longPath_alwaysInValidRange(double)[7]" classname="com.wm3j.jmap.rotor.RotorDataTest" time="0.002"/>
  <testcase name="rotorData_longPath_alwaysInValidRange(double)[8]" classname="com.wm3j.jmap.rotor.RotorDataTest" time="0.003"/>
  <testcase name="rotorData_longPath_alwaysInValidRange(double)[9]" classname="com.wm3j.jmap.rotor.RotorDataTest" time="0.003"/>
  <testcase name="rotorData_longPath_is180DegreesFromShortPath" classname="com.wm3j.jmap.rotor.RotorDataTest" time="0.004"/>
  <testcase name="mockProvider_getCached_returnsNullBeforeFetch" classname="com.wm3j.jmap.rotor.RotorDataTest" time="0.004"/>
  <testcase name="mockProvider_lastUpdated_isSetAfterFetch" classname="com.wm3j.jmap.rotor.RotorDataTest" time="0.002">
    <system-out><![CDATA[17:44:49.040 [main] DEBUG c.w.j.s.rotor.MockRotorProvider - Fetched MockRotorProvider data at 2026-04-19T21:44:49.040344890Z
]]></system-out>
  </testcase>
  <testcase name="rotorData_singleArgConstructor_isConnected" classname="com.wm3j.jmap.rotor.RotorDataTest" time="0.002"/>
  <testcase name="rotorData_longPath_zeroAzimuth_is180" classname="com.wm3j.jmap.rotor.RotorDataTest" time="0.001"/>
</testsuite>