<?xml version="1.0" encoding="UTF-8"?>
<testsuite xmlns:xsi="http://www.w3.org/2001/XMLSchema-instance" xsi:noNamespaceSchemaLocation="https://maven.apache.org/surefire/maven-surefire-plugin/xsd/surefire-test-report-3.0.xsd" version="3.0" name="com.wm3j.jmap.astronomy.SolarDataTest" time="0.31" tests="44" errors="0" skipped="0" failures="0">
  <properties>
[...]
</properties>
  <testcase name="sfiQuality_allRanges_nonNull" classname="com.wm3j.jmap.astronomy.SolarDataTest" time="0.004"/>
  <testcase name="solarData_constructorWithArgs_setsAllFields" classname="com.wm3j.jmap.astronomy.SolarDataTest" time="0.002"/>
  <testcase name="mockProvider_xrayClass_isNotBlank" classname="com.wm3j.jmap.astronomy.SolarDataTest" time="0.002">
    <system-out><![CDATA[17:44:49.522 [main] DEBUG c.w.j.s.solar.MockSolarDataProvider - Fetched MockSolarDataProvider data at 2026-04-19T21:44:49.522783331Z
]]></system-out>
  </testcase>
  <testcase name="mockProvider_xrayClass_startsWithValidLetter" classname="com.wm3j.jmap.astronomy.SolarDataTest" time="0.002">
    <system-out><![CDATA[17:44:49.526 [main] DEBUG c.w.j.s.solar.MockSolarDataProvider - Fetched MockSolarDataProvider data at 2026-04-19T21:44:49.526755609Z
]]></system-out>
  </testcase>
  <testcase name="getKpLabel_correctClassification(double, String)[1]" classname="com.wm3j.jmap.astronomy.SolarDataTest" time="0.002"/>
  <testcase name="getKpLabel_correctClassification(double, String)[2]" classname="com.wm3j.jmap.astronomy.SolarDataTest" time="0.022"/>
  <testcase name="getKpLabel_correctClassification(double, String)[3]" classname="com.wm3j.jmap.astronomy.SolarDataTest" time="0.017"/>
  <testcase name="getKpLabel_correctClassification(double, String)[4]" classname="com.wm3j.jmap.astronomy.SolarDataTest" time="0.002"/>
  <testcase name="getKpLabel_correctClassification(double, String)[5]" classname="com.wm3j.jmap.astronomy.SolarDataTest" time="0.002"/>
  <testcase name="getKpLabel_correctClassification(double, String)[6]" classname="com.wm3j.jmap.astronomy.SolarDataTest" time="0.009"/>
  <testcase name="getKpLabel_correctClassification(double, String)[7]" classname="com.wm3j.jmap.astronomy.SolarDataTest" time="0.003"/>
  <testcase name="getKpLabel_correctClassification(double, String)[8]" classname="com.wm3j.jmap.astronomy.SolarDataTest" time="0.002"/>
  <testcase name="getKpLabel_correctClassification(double, String)[9]" classname="com.wm3j.jmap.astronomy.SolarDataTest" time="0.002"/>
  <testcase name="getKpLabel_correctClassification(double, String)[10]" classname="com.wm3j.jmap.astronomy.SolarDataTest" time="0.003"/>
  <testcase name="getKpLabel_correctClassification(double, String)[11]" classname="com.wm3j.jmap.astronomy.SolarDataTest" time="0.002"/>
  <testcase name="getKpLabel_correctClassification(double, String)[12]" classname="com.wm3j.jmap.astronomy.SolarDataTest" time="0.002"/>
  <testcase name="getKpLabel_correctClassification(double, String)[13]" classname="com.wm3j.jmap.astronomy.SolarDataTest" time="0.002"/>
  <testcase name="solarData_toString_containsKeyValues" classname="com.wm3j.jmap.astronomy.SolarDataTest" time="0.002"/>
  <testcase name="mockProvider_getCached_beforeFetch_isNull" classname="com.wm3j.jmap.astronomy.SolarDataTest" time="0.002"/>
  <testcase name="mockProvider_isStale_withZeroDuration" classname="com.wm3j.jmap.astronomy.SolarDataTest" time="0.003">
    <system-out><![CDATA[17:44:49.651 [main] DEBUG c.w.j.s.solar.MockSolarDataProvider - Fetched MockSolarDataProvider data at 2026-04-19T21:44:49.651569059Z
]]></system-out>
  </testcase>
  <testcase name="mockProvider_lastUpdated_setAfterFetch" classname="com.wm3j.jmap.astronomy.SolarDataTest" time="0.003">
    <system-out><![CDATA[17:44:49.657 [main] DEBUG c.w.j.s.solar.MockSolarDataProvider - Fetched MockSolarDataProvider data at 2026-04-19T21:44:49.657354663Z
]]></system-out>
  </testcase>
  <testcase name="mockProvider_aIndex_isNonNegative" classname="com.wm3j.jmap.astronomy.SolarDataTest" time="0.002">
    <system-out><![CDATA[17:44:49.661 [main] DEBUG c.w.j.s.solar.MockSolarDataProvider - Fetched MockSolarDataProvider data at 2026-04-19T21:44:49.661141508Z
]]></system-out>
  </testcase>
  <testcase name="mockProvider_lastUpdated_nullBeforeFetch" classname="com.wm3j.jmap.astronomy.SolarDataTest" time="0.005"/>
  <testcase name="mockProvider_getCached_afterFetch_matchesFetch" classname="com.wm3j.jmap.astronomy.SolarDataTest" time="0.003">
    <system-out><![CDATA[17:44:49.671 [main] DEBUG c.w.j.s.solar.MockSolarDataProvider - Fetched MockSolarDataProvider data at 2026-04-19T21:44:49.671699200Z
]]></system-out>
  </testcase>
  <testcase name="mockProvider_kp_inValidRange" classname="com.wm3j.jmap.astronomy.SolarDataTest" time="0.003">
    <system-out><![CDATA[17:44:49.677 [main] DEBUG c.w.j.s.solar.MockSolarDataProvider - Fetched MockSolarDataProvider data at 2026-04-19T21:44:49.677081721Z
]]></system-out>
  </testcase>
  <testcase name="mockProvider_fetch_returnsNonNull" classname="com.wm3j.jmap.astronomy.SolarDataTest" time="0.003">
    <system-out><![CDATA[17:44:49.681 [main] DEBUG c.w.j.s.solar.MockSolarDataProvider - Fetched MockSolarDataProvider data at 2026-04-19T21:44:49.681883441Z
]]></system-out>
  </testcase>
  <testcase name="solarData_fourArgConstructor_isFreshByDefault" classname="com.wm3j.jmap.astronomy.SolarDataTest" time="0.003"/>
  <testcase name="solarData_fourArgConstructor_hasObservationTime" classname="com.wm3j.jmap.astronomy.SolarDataTest" time="0.003"/>
  <testcase name="getSfiQuality_correctClassification(double, String)[1]" classname="com.wm3j.jmap.astronomy.SolarDataTest" time="0.004"/>
  <testcase name="getSfiQuality_correctClassification(double, String)[2]" classname="com.wm3j.jmap.astronomy.SolarDataTest" time="0.005"/>
  <testcase name="getSfiQuality_correctClassification(double, String)[3]" classname="com.wm3j.jmap.astronomy.SolarDataTest" time="0.004"/>
  <testcase name="getSfiQuality_correctClassification(double, String)[4]" classname="com.wm3j.jmap.astronomy.SolarDataTest" time="0.002"/>
  <testcase name="getSfiQuality_correctClassification(double, String)[5]" classname="com.wm3j.jmap.astronomy.SolarDataTest" time="0.003"/>
  <testcase name="getSfiQuality_correctClassification(double, String)[6]" classname="com.wm3j.jmap.astronomy.SolarDataTest" time="0.005"/>
  <testcase name="getSfiQuality_correctClassification(double, String)[7]" classname="com.wm3j.jmap.astronomy.SolarDataTest" time="0.002"/>
  <testcase name="getSfiQuality_correctClassification(double, String)[8]" classname="com.wm3j.jmap.astronomy.SolarDataTest" time="0.004"/>
  <testcase name="getSfiQuality_correctClassification(double, String)[9]" classname="com.wm3j.jmap.astronomy.SolarDataTest" time="0.002"/>
  <testcase name="getSfiQuality_correctClassification(double, String)[10]" classname="com.wm3j.jmap.astronomy.SolarDataTest" time="0.004"/>
  <testcase name="getSfiQuality_correctClassification(double, String)[11]" classname="com.wm3j.jmap.astronomy.SolarDataTest" time="0.009"/>
  <testcase name="getSfiQuality_correctClassification(double, String)[12]" classname="com.wm3j.jmap.astronomy.SolarDataTest" time="0.002"/>
  <testcase name="mockProvider_sunspotNumber_isNonNegative" classname="com.wm3j.jmap.astronomy.SolarDataTest" time="0.003">
    <system-out><![CDATA[17:44:49.802 [main] DEBUG c.w.j.s.solar.MockSolarDataProvider - Fetched MockSolarDataProvider data at 2026-04-19T21:44:49.802912142Z
]]></system-out>
  </testcase>
  <testcase name="mockProvider_isStale_afterFetch_withShortTimeout" classname="com.wm3j.jmap.astronomy.SolarDataTest" time="0.002">
    <system-out><![CDATA[17:44:49.806 [main] DEBUG c.w.j.s.solar.MockSolarDataProvider - Fetched MockSolarDataProvider data at 2026-04-19T21:44:49.806242582Z
]]></system-out>
  </testcase>
  <testcase name="kpLabel_allEnumValues_nonNull" classname="com.wm3j.jmap.astronomy.SolarDataTest" time="0.002"/>
  <testcase name="mockProvider_sfi_inRealisticRange" classname="com.wm3j.jmap.astronomy.SolarDataTest" time="0.006">
    <system-out><![CDATA[17:44:49.815 [main] DEBUG c.w.j.s.solar.MockSolarDataProvider - Fetched MockSolarDataProvider data at 2026-04-19T21:44:49.815338149Z
]]></system-out>
  </testcase>
</testsuite>