<?xml version="1.0" encoding="UTF-8"?>
<testsuite xmlns:xsi="http://www.w3.org/2001/XMLSchema-instance" xsi:noNamespaceSchemaLocation="https://maven.apache.org/surefire/maven-surefire-plugin/xsd/surefire-test-report-3.0.xsd" version="3.0" name="com.wm3j.jmap.propagation.PropagationLogicTest" time="0.104" tests="16" errors="0" skipped="0" failures="0">
  <properties>
[...]
</properties>
  <testcase name="propagationData_setBandCondition_overridesDefault" classname="com.wm3j.jmap.propagation.PropagationLogicTest" time="0.005"/>
  <testcase name="mockProvider_majorBands_haveConditions(String)[1]" classname="com.wm3j.jmap.propagation.PropagationLogicTest" time="0.007">
    <system-out><![CDATA[20:05:06.730 [main] DEBUG c.w.j.s.p.MockPropagationProvider - Fetched MockPropagationProvider data at 2026-04-20T00:05:06.730397110Z
]]></system-out>
  </testcase>
  <testcase name="mockProvider_majorBands_haveConditions(String)[2]" classname="com.wm3j.jmap.propagation.PropagationLogicTest" time="0.003">
    <system-out><![CDATA[20:05:06.739 [main] DEBUG c.w.j.s.p.MockPropagationProvider - Fetched MockPropagationProvider data at 2026-04-20T00:05:06.739695331Z
]]></system-out>
  </testcase>
  <testcase name="mockProvider_majorBands_haveConditions(String)[3]" classname="com.wm3j.jmap.propagation.PropagationLogicTest" time="0.003">
    <system-out><![CDATA[20:05:06.744 [main] DEBUG c.w.j.s.p.MockPropagationProvider - Fetched MockPropagationProvider data at 2026-04-20T00:05:06.744310710Z
]]></system-out>
  </testcase>
  <testcase name="mockProvider_majorBands_haveConditions(String)[4]" classname="com.wm3j.jmap.propagation.PropagationLogicTest" time="0.005">
    <system-out><![CDATA[20:05:06.751 [main] DEBUG c.w.j.s.p.MockPropagationProvider - Fetched MockPropagationProvider data at 2026-04-20T00:05:06.751204742Z
]]></system-out>
  </testcase>
  <testcase name="mockProvider_majorBands_haveConditions(String)[5]" classname="com.wm3j.jmap.propagation.PropagationLogicTest" time="0.004">
    <system-out><![CDATA[20:05:06.758 [main] DEBUG c.w.j.s.p.MockPropagationProvider - Fetched MockPropagationProvider data at 2026-04-20T00:05:06.758852562Z
]]></system-out>
  </testcase>
  <testcase name="bandCondition_colorHex_isNotNull" classname="com.wm3j.jmap.propagation.PropagationLogicTest" time="0.003"/>
  <testcase name="bandCondition_aboveMUF_isClosed" classname="com.wm3j.jmap.propagation.PropagationLogicTest" time="0.002"/>
  <testcase name="mockProvider_fetchReturnsValidData" classname="com.wm3j.jmap.propagation.PropagationLogicTest" time="0.003">
    <system-out><![CDATA[20:05:06.772 [main] DEBUG c.w.j.s.p.MockPropagationProvider - Fetched MockPropagationProvider data at 2026-04-20T00:05:06.772951150Z
]]></system-out>
  </testcase>
  <testcase name="propagationData_defaultBands_allPresent" classname="com.wm3j.jmap.propagation.PropagationLogicTest" time="0.001"/>
  <testcase name="mockProvider_fot_isBelowMUF" classname="com.wm3j.jmap.propagation.PropagationLogicTest" time="0.005">
    <system-out><![CDATA[20:05:06.779 [main] DEBUG c.w.j.s.p.MockPropagationProvider - Fetched MockPropagationProvider data at 2026-04-20T00:05:06.779174590Z
]]></system-out>
  </testcase>
  <testcase name="mockProvider_isStale_beforeFetch" classname="com.wm3j.jmap.propagation.PropagationLogicTest" time="0.002"/>
  <testcase name="mockProvider_isNotStale_immediatelyAfterFetch" classname="com.wm3j.jmap.propagation.PropagationLogicTest" time="0.005">
    <system-out><![CDATA[20:05:06.793 [main] DEBUG c.w.j.s.p.MockPropagationProvider - Fetched MockPropagationProvider data at 2026-04-20T00:05:06.792986963Z
]]></system-out>
  </testcase>
  <testcase name="mockProvider_muf_isSensibleRange" classname="com.wm3j.jmap.propagation.PropagationLogicTest" time="0.004">
    <system-out><![CDATA[20:05:06.798 [main] DEBUG c.w.j.s.p.MockPropagationProvider - Fetched MockPropagationProvider data at 2026-04-20T00:05:06.798354959Z
20:05:06.799 [main] DEBUG c.w.j.s.p.MockPropagationProvider - Fetched MockPropagationProvider data at 2026-04-20T00:05:06.799301545Z
20:05:06.799 [main] DEBUG c.w.j.s.p.MockPropagationProvider - Fetched MockPropagationProvider data at 2026-04-20T00:05:06.799927252Z
20:05:06.800 [main] DEBUG c.w.j.s.p.MockPropagationProvider - Fetched MockPropagationProvider data at 2026-04-20T00:05:06.800246075Z
20:05:06.800 [main] DEBUG c.w.j.s.p.MockPropagationProvider - Fetched MockPropagationProvider data at 2026-04-20T00:05:06.800696213Z
]]></system-out>
  </testcase>
  <testcase name="mockProvider_lastUpdated_isSetAfterFetch" classname="com.wm3j.jmap.propagation.PropagationLogicTest" time="0.002">
    <system-out><![CDATA[20:05:06.805 [main] DEBUG c.w.j.s.p.MockPropagationProvider - Fetched MockPropagationProvider data at 2026-04-20T00:05:06.805681150Z
]]></system-out>
  </testcase>
  <testcase name="bandCondition_label_isNotNull" classname="com.wm3j.jmap.propagation.PropagationLogicTest" time="0.002"/>
</testsuite>