<?xml version="1.0" encoding="UTF-8"?>
<testsuite xmlns:xsi="http://www.w3.org/2001/XMLSchema-instance" xsi:noNamespaceSchemaLocation="https://maven.apache.org/surefire/maven-surefire-plugin/xsd/surefire-test-report-3.0.xsd" version="3.0" name="com.wm3j.jmap.astronomy.GreatCircleMathTest" time="0.409" tests="14" errors="0" skipped="0" failures="0">
  <properties>
[...]
</properties>
  <testcase name="longPath_wraps_correctly" classname="com.wm3j.jmap.astronomy.GreatCircleMathTest" time="0.017"/>
  <testcase name="longPath_isShortPath_plus180" classname="com.wm3j.jmap.astronomy.GreatCircleMathTest" time="0.009"/>
  <testcase name="nightMask_atSummerSolsticeMidnight_northPoleIsDay" classname="com.wm3j.jmap.astronomy.GreatCircleMathTest" time="0.049"/>
  <testcase name="bearing_westIs270" classname="com.wm3j.jmap.astronomy.GreatCircleMathTest" time="0.002"/>
  <testcase name="nightMask_hasCorrectDimensions" classname="com.wm3j.jmap.astronomy.GreatCircleMathTest" time="0.031"/>
  <testcase name="nightMask_subsolarPoint_isAlwaysDay" classname="com.wm3j.jmap.astronomy.GreatCircleMathTest" time="0.043"/>
  <testcase name="bearing_eastIs90" classname="com.wm3j.jmap.astronomy.GreatCircleMathTest" time="0.003"/>
  <testcase name="nightMask_approximatelyHalfEarthInDaylight" classname="com.wm3j.jmap.astronomy.GreatCircleMathTest" time="0.056"/>
  <testcase name="nightMask_atSummerSolsticeMidnight_southPoleIsNight" classname="com.wm3j.jmap.astronomy.GreatCircleMathTest" time="0.065"/>
  <testcase name="greatCircle_quarterEarth" classname="com.wm3j.jmap.astronomy.GreatCircleMathTest" time="0.008"/>
  <testcase name="bearing_southIs180" classname="com.wm3j.jmap.astronomy.GreatCircleMathTest" time="0.015"/>
  <testcase name="greatCircle_antipodal_is180" classname="com.wm3j.jmap.astronomy.GreatCircleMathTest" time="0.01"/>
  <testcase name="greatCircle_samePoint_isZero" classname="com.wm3j.jmap.astronomy.GreatCircleMathTest" time="0.012"/>
  <testcase name="bearing_northIs0" classname="com.wm3j.jmap.astronomy.GreatCircleMathTest" time="0.011"/>
</testsuite>