<?xml version="1.0" encoding="UTF-8"?>
<testsuite xmlns:xsi="http://www.w3.org/2001/XMLSchema-instance" xsi:noNamespaceSchemaLocation="https://maven.apache.org/surefire/maven-surefire-plugin/xsd/surefire-test-report-3.0.xsd" version="3.0" name="com.hamradio.jhub.DataUpdateServiceTest" time="1.264" tests="9" errors="0" skipped="0" failures="0">
  <properties>
[...]
</properties>
  <testcase name="validateScpAcceptsCallsignList" classname="com.hamradio.jhub.DataUpdateServiceTest" time="0.427"/>
  <testcase name="validateScpRejectsHtmlErrorPage" classname="com.hamradio.jhub.DataUpdateServiceTest" time="0.003"/>
  <testcase name="httpErrorLeavesPreviousFileIntact(Path)" classname="com.hamradio.jhub.DataUpdateServiceTest" time="0.393">
    <system-out><![CDATA[19:18:24.628 &amp#27;[34mINFO &amp#27;[0;39m &amp#27;[36mc.h.jhub.DataUpdateService&amp#27;[0;39m — DataUpdateService scheduled — first run in 30s, then every 365 day(s)
19:18:24.633 &amp#27;[34mINFO &amp#27;[0;39m &amp#27;[36mc.h.jhub.DataUpdateService&amp#27;[0;39m — DataUpdateService: starting fetch cycle
19:18:24.754 &amp#27;[31mWARN &amp#27;[0;39m &amp#27;[36mc.h.jhub.DataUpdateService&amp#27;[0;39m — Fetch http://127.0.0.1:40407/cty.dat failed — HTTP 503
19:18:24.762 &amp#27;[34mINFO &amp#27;[0;39m &amp#27;[36mc.h.jhub.DataUpdateService&amp#27;[0;39m — Updated MASTER.SCP (126000 bytes)
19:18:24.762 &amp#27;[34mINFO &amp#27;[0;39m &amp#27;[36mc.h.jhub.DataUpdateService&amp#27;[0;39m — DataUpdateService: cycle done — cty=false scp=true
19:18:24.995 &amp#27;[34mINFO &amp#27;[0;39m &amp#27;[36mc.h.jhub.DataUpdateService&amp#27;[0;39m — DataUpdateService stopped
]]></system-out>
  </testcase>
  <testcase name="undersizedResponseFailsValidationAndKeepsExistingFile(Path)" classname="com.hamradio.jhub.DataUpdateServiceTest" time="0.256">
    <system-out><![CDATA[19:18:25.017 &amp#27;[34mINFO &amp#27;[0;39m &amp#27;[36mc.h.jhub.DataUpdateService&amp#27;[0;39m — DataUpdateService scheduled — first run in 30s, then every 365 day(s)
19:18:25.019 &amp#27;[34mINFO &amp#27;[0;39m &amp#27;[36mc.h.jhub.DataUpdateService&amp#27;[0;39m — DataUpdateService: starting fetch cycle
19:18:25.033 &amp#27;[31mWARN &amp#27;[0;39m &amp#27;[36mc.h.jhub.DataUpdateService&amp#27;[0;39m — Fetch http://127.0.0.1:38633/cty.dat failed validation — size 5 bytes (need ≥ 50)
19:18:25.041 &amp#27;[34mINFO &amp#27;[0;39m &amp#27;[36mc.h.jhub.DataUpdateService&amp#27;[0;39m — Updated MASTER.SCP (126000 bytes)
19:18:25.041 &amp#27;[34mINFO &amp#27;[0;39m &amp#27;[36mc.h.jhub.DataUpdateService&amp#27;[0;39m — DataUpdateService: cycle done — cty=false scp=true
19:18:25.259 &amp#27;[34mINFO &amp#27;[0;39m &amp#27;[36mc.h.jhub.DataUpdateService&amp#27;[0;39m — DataUpdateService stopped
]]></system-out>
  </testcase>
  <testcase name="successfulCycleWritesBothFiles(Path)" classname="com.hamradio.jhub.DataUpdateServiceTest" time="0.052">
    <system-out><![CDATA[19:18:25.279 &amp#27;[34mINFO &amp#27;[0;39m &amp#27;[36mc.h.jhub.DataUpdateService&amp#27;[0;39m — DataUpdateService scheduled — first run in 30s, then every 365 day(s)
19:18:25.280 &amp#27;[34mINFO &amp#27;[0;39m &amp#27;[36mc.h.jhub.DataUpdateService&amp#27;[0;39m — DataUpdateService: starting fetch cycle
19:18:25.291 &amp#27;[34mINFO &amp#27;[0;39m &amp#27;[36mc.h.jhub.DataUpdateService&amp#27;[0;39m — Updated cty.dat (102 bytes)
19:18:25.304 &amp#27;[34mINFO &amp#27;[0;39m &amp#27;[36mc.h.jhub.DataUpdateService&amp#27;[0;39m — Updated MASTER.SCP (126000 bytes)
19:18:25.305 &amp#27;[34mINFO &amp#27;[0;39m &amp#27;[36mc.h.jhub.DataUpdateService&amp#27;[0;39m — DataUpdateService: cycle done — cty=true scp=true
19:18:25.321 &amp#27;[34mINFO &amp#27;[0;39m &amp#27;[36mc.h.jhub.DataUpdateService&amp#27;[0;39m — DataUpdateService stopped
]]></system-out>
  </testcase>
  <testcase name="backupRotationKeepsPreviousAsBak(Path)" classname="com.hamradio.jhub.DataUpdateServiceTest" time="0.055">
    <system-out><![CDATA[19:18:25.338 &amp#27;[34mINFO &amp#27;[0;39m &amp#27;[36mc.h.jhub.DataUpdateService&amp#27;[0;39m — DataUpdateService scheduled — first run in 30s, then every 365 day(s)
19:18:25.339 &amp#27;[34mINFO &amp#27;[0;39m &amp#27;[36mc.h.jhub.DataUpdateService&amp#27;[0;39m — DataUpdateService: starting fetch cycle
19:18:25.348 &amp#27;[34mINFO &amp#27;[0;39m &amp#27;[36mc.h.jhub.DataUpdateService&amp#27;[0;39m — Updated cty.dat (102 bytes)
19:18:25.358 &amp#27;[34mINFO &amp#27;[0;39m &amp#27;[36mc.h.jhub.DataUpdateService&amp#27;[0;39m — Updated MASTER.SCP (126000 bytes)
19:18:25.359 &amp#27;[34mINFO &amp#27;[0;39m &amp#27;[36mc.h.jhub.DataUpdateService&amp#27;[0;39m — DataUpdateService: cycle done — cty=true scp=true
19:18:25.382 &amp#27;[34mINFO &amp#27;[0;39m &amp#27;[36mc.h.jhub.DataUpdateService&amp#27;[0;39m — DataUpdateService stopped
]]></system-out>
  </testcase>
  <testcase name="validateScpAcceptsCommentBeforeCalls" classname="com.hamradio.jhub.DataUpdateServiceTest" time="0.003"/>
  <testcase name="validateCtyAcceptsRealishCty" classname="com.hamradio.jhub.DataUpdateServiceTest" time="0.004"/>
  <testcase name="validateCtyRejectsHtmlErrorPage" classname="com.hamradio.jhub.DataUpdateServiceTest" time="0.006"/>
</testsuite>