<?xml version="1.0" encoding="UTF-8"?>
<testsuite xmlns:xsi="http://www.w3.org/2001/XMLSchema-instance" xsi:noNamespaceSchemaLocation="https://maven.apache.org/surefire/maven-surefire-plugin/xsd/surefire-test-report-3.0.xsd" version="3.0" name="com.hamradio.jhub.DataUpdateServiceTest" time="2.816" tests="9" errors="0" skipped="0" failures="0">
  <properties>
[...]
</properties>
  <testcase name="validateScpAcceptsCallsignList" classname="com.hamradio.jhub.DataUpdateServiceTest" time="1.508"/>
  <testcase name="validateScpRejectsHtmlErrorPage" classname="com.hamradio.jhub.DataUpdateServiceTest" time="0.011"/>
  <testcase name="httpErrorLeavesPreviousFileIntact(Path)" classname="com.hamradio.jhub.DataUpdateServiceTest" time="0.735">
    <system-out><![CDATA[21:50:40.172 &amp#27;[34mINFO &amp#27;[0;39m &amp#27;[36mc.h.jhub.DataUpdateService&amp#27;[0;39m — DataUpdateService scheduled — first run in 30s, then every 365 day(s)
21:50:40.189 &amp#27;[34mINFO &amp#27;[0;39m &amp#27;[36mc.h.jhub.DataUpdateService&amp#27;[0;39m — DataUpdateService: starting fetch cycle
21:50:40.573 &amp#27;[31mWARN &amp#27;[0;39m &amp#27;[36mc.h.jhub.DataUpdateService&amp#27;[0;39m — Fetch http://127.0.0.1:38253/cty.dat failed — HTTP 503
21:50:40.597 &amp#27;[34mINFO &amp#27;[0;39m &amp#27;[36mc.h.jhub.DataUpdateService&amp#27;[0;39m — Updated MASTER.SCP (126000 bytes)
21:50:40.597 &amp#27;[34mINFO &amp#27;[0;39m &amp#27;[36mc.h.jhub.DataUpdateService&amp#27;[0;39m — DataUpdateService: cycle done — cty=false scp=true
21:50:40.835 &amp#27;[34mINFO &amp#27;[0;39m &amp#27;[36mc.h.jhub.DataUpdateService&amp#27;[0;39m — DataUpdateService stopped
]]></system-out>
  </testcase>
  <testcase name="undersizedResponseFailsValidationAndKeepsExistingFile(Path)" classname="com.hamradio.jhub.DataUpdateServiceTest" time="0.26">
    <system-out><![CDATA[21:50:40.868 &amp#27;[34mINFO &amp#27;[0;39m &amp#27;[36mc.h.jhub.DataUpdateService&amp#27;[0;39m — DataUpdateService scheduled — first run in 30s, then every 365 day(s)
21:50:40.870 &amp#27;[34mINFO &amp#27;[0;39m &amp#27;[36mc.h.jhub.DataUpdateService&amp#27;[0;39m — DataUpdateService: starting fetch cycle
21:50:40.890 &amp#27;[31mWARN &amp#27;[0;39m &amp#27;[36mc.h.jhub.DataUpdateService&amp#27;[0;39m — Fetch http://127.0.0.1:43789/cty.dat failed validation — size 5 bytes (need ≥ 50)
21:50:40.904 &amp#27;[34mINFO &amp#27;[0;39m &amp#27;[36mc.h.jhub.DataUpdateService&amp#27;[0;39m — Updated MASTER.SCP (126000 bytes)
21:50:40.906 &amp#27;[34mINFO &amp#27;[0;39m &amp#27;[36mc.h.jhub.DataUpdateService&amp#27;[0;39m — DataUpdateService: cycle done — cty=false scp=true
21:50:41.111 &amp#27;[34mINFO &amp#27;[0;39m &amp#27;[36mc.h.jhub.DataUpdateService&amp#27;[0;39m — DataUpdateService stopped
]]></system-out>
  </testcase>
  <testcase name="successfulCycleWritesBothFiles(Path)" classname="com.hamradio.jhub.DataUpdateServiceTest" time="0.057">
    <system-out><![CDATA[21:50:41.135 &amp#27;[34mINFO &amp#27;[0;39m &amp#27;[36mc.h.jhub.DataUpdateService&amp#27;[0;39m — DataUpdateService scheduled — first run in 30s, then every 365 day(s)
21:50:41.136 &amp#27;[34mINFO &amp#27;[0;39m &amp#27;[36mc.h.jhub.DataUpdateService&amp#27;[0;39m — DataUpdateService: starting fetch cycle
21:50:41.147 &amp#27;[34mINFO &amp#27;[0;39m &amp#27;[36mc.h.jhub.DataUpdateService&amp#27;[0;39m — Updated cty.dat (102 bytes)
21:50:41.165 &amp#27;[34mINFO &amp#27;[0;39m &amp#27;[36mc.h.jhub.DataUpdateService&amp#27;[0;39m — Updated MASTER.SCP (126000 bytes)
21:50:41.166 &amp#27;[34mINFO &amp#27;[0;39m &amp#27;[36mc.h.jhub.DataUpdateService&amp#27;[0;39m — DataUpdateService: cycle done — cty=true scp=true
21:50:41.177 &amp#27;[34mINFO &amp#27;[0;39m &amp#27;[36mc.h.jhub.DataUpdateService&amp#27;[0;39m — DataUpdateService stopped
]]></system-out>
  </testcase>
  <testcase name="backupRotationKeepsPreviousAsBak(Path)" classname="com.hamradio.jhub.DataUpdateServiceTest" time="0.058">
    <system-out><![CDATA[21:50:41.198 &amp#27;[34mINFO &amp#27;[0;39m &amp#27;[36mc.h.jhub.DataUpdateService&amp#27;[0;39m — DataUpdateService scheduled — first run in 30s, then every 365 day(s)
21:50:41.200 &amp#27;[34mINFO &amp#27;[0;39m &amp#27;[36mc.h.jhub.DataUpdateService&amp#27;[0;39m — DataUpdateService: starting fetch cycle
21:50:41.210 &amp#27;[34mINFO &amp#27;[0;39m &amp#27;[36mc.h.jhub.DataUpdateService&amp#27;[0;39m — Updated cty.dat (102 bytes)
21:50:41.221 &amp#27;[34mINFO &amp#27;[0;39m &amp#27;[36mc.h.jhub.DataUpdateService&amp#27;[0;39m — Updated MASTER.SCP (126000 bytes)
21:50:41.223 &amp#27;[34mINFO &amp#27;[0;39m &amp#27;[36mc.h.jhub.DataUpdateService&amp#27;[0;39m — DataUpdateService: cycle done — cty=true scp=true
21:50:41.243 &amp#27;[34mINFO &amp#27;[0;39m &amp#27;[36mc.h.jhub.DataUpdateService&amp#27;[0;39m — DataUpdateService stopped
]]></system-out>
  </testcase>
  <testcase name="validateScpAcceptsCommentBeforeCalls" classname="com.hamradio.jhub.DataUpdateServiceTest" time="0.006"/>
  <testcase name="validateCtyAcceptsRealishCty" classname="com.hamradio.jhub.DataUpdateServiceTest" time="0.008"/>
  <testcase name="validateCtyRejectsHtmlErrorPage" classname="com.hamradio.jhub.DataUpdateServiceTest" time="0.009"/>
</testsuite>