<?xml version="1.0" encoding="UTF-8"?>
<testsuite xmlns:xsi="http://www.w3.org/2001/XMLSchema-instance" xsi:noNamespaceSchemaLocation="https://maven.apache.org/surefire/maven-surefire-plugin/xsd/surefire-test-report-3.0.xsd" version="3.0" name="com.jlog.macro.VoiceRecorderTest" time="0.382" tests="6" errors="0" skipped="0" failures="0">
  <properties>
[...]
</properties>
  <testcase name="recordRoundTripWritesNonEmptyWav(Path)" classname="com.jlog.macro.VoiceRecorderTest" time="0.22"/>
  <testcase name="startCreatesParentDir(Path)" classname="com.jlog.macro.VoiceRecorderTest" time="0.141"/>
  <testcase name="startNullFileReturnsFalse" classname="com.jlog.macro.VoiceRecorderTest" time="0.002"/>
  <testcase name="defaultVoiceDirIsUnderHomeDotJlog" classname="com.jlog.macro.VoiceRecorderTest" time="0.003"/>
  <testcase name="notRecordingByDefault" classname="com.jlog.macro.VoiceRecorderTest" time="0.001"/>
  <testcase name="stopWhenNotRecordingReturnsNull" classname="com.jlog.macro.VoiceRecorderTest" time="0.003"/>
</testsuite>