<?xml version="1.0" encoding="UTF-8"?>
<testsuite xmlns:xsi="http://www.w3.org/2001/XMLSchema-instance" xsi:noNamespaceSchemaLocation="https://maven.apache.org/surefire/maven-surefire-plugin/xsd/surefire-test-report-3.0.xsd" version="3.0" name="com.hamclock.astronomy.SettingsSerializationTest" time="0.389" tests="8" errors="0" skipped="0" failures="0">
  <properties>
[...]
</properties>
  <testcase name="settings_arduinoProtocol_defaultIsHTTP" classname="com.hamclock.astronomy.SettingsSerializationTest" time="0.004"/>
  <testcase name="settings_nullApiKeys_returnEmptyString" classname="com.hamclock.astronomy.SettingsSerializationTest" time="0.001"/>
  <testcase name="settings_json_isReadableString" classname="com.hamclock.astronomy.SettingsSerializationTest" time="0.086"/>
  <testcase name="settings_roundTripJson_preservesValues" classname="com.hamclock.astronomy.SettingsSerializationTest" time="0.07"/>
  <testcase name="settings_dxBandFilter_defaultIsALL" classname="com.hamclock.astronomy.SettingsSerializationTest" time="0.0"/>
  <testcase name="settings_deserialize_ignoresUnknownFields" classname="com.hamclock.astronomy.SettingsSerializationTest" time="0.01"/>
  <testcase name="settings_defaultValues_areReasonable" classname="com.hamclock.astronomy.SettingsSerializationTest" time="0.001"/>
  <testcase name="settings_allBooleans_haveReasonableDefaults" classname="com.hamclock.astronomy.SettingsSerializationTest" time="0.001"/>
</testsuite>